<?xml version="1.0" encoding="UTF-8"?>
<!-- Generated by org.testng.reporters.JUnitReportReporter -->
<testsuite hostname="admins-MacBook-Pro.local" name="Academy.HomePage" tests="2" failures="0" timestamp="7 Feb 2020 16:59:15 GMT" time="16.102" errors="0">
  <testcase name="basePageNavigation" time="5.938" classname="Academy.HomePage"/>
  <testcase name="basePageNavigation" time="10.164" classname="Academy.HomePage"/>
</testsuite> <!-- Academy.HomePage -->
