<?xml version="1.0" encoding="UTF-8"?>
<!-- Generated by org.testng.reporters.JUnitReportReporter -->
<testsuite hostname="admins-MacBook-Pro.local" name="Academy.validateNavigationBar" tests="1" failures="0" timestamp="7 Feb 2020 16:59:15 GMT" time="0.057" errors="0">
  <testcase name="validateAppNavBar" time="0.057" classname="Academy.validateNavigationBar"/>
</testsuite> <!-- Academy.validateNavigationBar -->
