<?xml version="1.0" encoding="UTF-8"?>
<!-- Generated by org.testng.reporters.JUnitReportReporter -->
<testsuite hostname="admins-MacBook-Pro.local" name="Academy.validateTitle" tests="2" failures="0" timestamp="7 Feb 2020 18:26:27 GMT" time="0.085" errors="0">
  <testcase name="validateAppTitle" time="0.047" classname="Academy.validateTitle"/>
  <testcase name="validateHeader" time="0.038" classname="Academy.validateTitle"/>
</testsuite> <!-- Academy.validateTitle -->
