<?xml version="1.0" encoding="UTF-8"?>
<!-- Generated by org.testng.reporters.JUnitReportReporter -->
<testsuite hostname="admins-MacBook-Pro.local" name="Academy.validateTitle" tests="2" failures="0" timestamp="20 Feb 2020 17:56:56 GMT" time="0.080" errors="0">
  <testcase name="validateHeader" time="0.034" classname="Academy.validateTitle"/>
  <testcase name="validateAppTitle" time="0.046" classname="Academy.validateTitle"/>
</testsuite> <!-- Academy.validateTitle -->
