<?xml version="1.0" encoding="UTF-8"?>
<!-- Generated by org.testng.reporters.JUnitReportReporter -->
<testsuite hostname="admins-MacBook-Pro.local" name="Academy.HomePage" tests="2" failures="0" timestamp="20 Feb 2020 17:56:56 GMT" time="32.349" errors="0">
  <testcase name="basePageNavigation" time="5.799" classname="Academy.HomePage"/>
  <testcase name="basePageNavigation" time="26.550" classname="Academy.HomePage"/>
</testsuite> <!-- Academy.HomePage -->
