<?xml version="1.0" encoding="UTF-8"?>
<!-- Generated by org.testng.reporters.JUnitReportReporter -->
<testsuite hostname="admins-MacBook-Pro.local" name="Academy.LoginValidation" tests="2" failures="0" timestamp="20 Feb 2020 17:56:56 GMT" time="15.127" errors="0">
  <testcase name="basePageNavigation" time="9.218" classname="Academy.LoginValidation"/>
  <testcase name="basePageNavigation" time="5.909" classname="Academy.LoginValidation"/>
</testsuite> <!-- Academy.LoginValidation -->
