<?xml version="1.0" encoding="UTF-8"?>
<!-- Generated by org.testng.reporters.JUnitReportReporter -->
<testsuite hostname="admins-MacBook-Pro.local" name="Academy.validateNavigationBar" tests="1" failures="0" timestamp="20 Feb 2020 17:56:56 GMT" time="0.139" errors="0">
  <testcase name="validateAppNavBar" time="0.139" classname="Academy.validateNavigationBar"/>
</testsuite> <!-- Academy.validateNavigationBar -->
